{"C:\\Users\\ASUS\\Desktop\\Calculadora Financiera\\src\\js\\calculations.js": {"path":"C:\\Users\\ASUS\\Desktop\\Calculadora Financiera\\src\\js\\calculations.js","statementMap":{"0":{"start":{"line":3,"column":25},"end":{"line":3,"column":29}},"1":{"start":{"line":7,"column":26},"end":{"line":7,"column":67}},"2":{"start":{"line":8,"column":27},"end":{"line":8,"column":55}},"3":{"start":{"line":9,"column":4},"end":{"line":9,"column":47}},"4":{"start":{"line":12,"column":4},"end":{"line":17,"column":6}},"5":{"start":{"line":23,"column":17},"end":{"line":23,"column":72}},"6":{"start":{"line":24,"column":17},"end":{"line":24,"column":72}},"7":{"start":{"line":26,"column":4},"end":{"line":29,"column":5}},"8":{"start":{"line":27,"column":8},"end":{"line":27,"column":51}},"9":{"start":{"line":28,"column":8},"end":{"line":28,"column":20}},"10":{"start":{"line":30,"column":4},"end":{"line":30,"column":26}},"11":{"start":{"line":33,"column":21},"end":{"line":33,"column":34}},"12":{"start":{"line":34,"column":26},"end":{"line":34,"column":39}},"13":{"start":{"line":35,"column":26},"end":{"line":35,"column":39}},"14":{"start":{"line":37,"column":4},"end":{"line":40,"column":5}},"15":{"start":{"line":38,"column":8},"end":{"line":38,"column":46}},"16":{"start":{"line":39,"column":8},"end":{"line":39,"column":20}},"17":{"start":{"line":41,"column":4},"end":{"line":41,"column":17}},"18":{"start":{"line":45,"column":19},"end":{"line":45,"column":35}},"19":{"start":{"line":46,"column":4},"end":{"line":46,"column":24}},"20":{"start":{"line":46,"column":17},"end":{"line":46,"column":24}},"21":{"start":{"line":48,"column":27},"end":{"line":48,"column":33}},"22":{"start":{"line":51,"column":4},"end":{"line":56,"column":5}},"23":{"start":{"line":52,"column":20},"end":{"line":52,"column":45}},"24":{"start":{"line":52,"column":46},"end":{"line":52,"column":52}},"25":{"start":{"line":53,"column":25},"end":{"line":53,"column":55}},"26":{"start":{"line":53,"column":56},"end":{"line":53,"column":62}},"27":{"start":{"line":54,"column":25},"end":{"line":54,"column":55}},"28":{"start":{"line":54,"column":56},"end":{"line":54,"column":62}},"29":{"start":{"line":55,"column":23},"end":{"line":55,"column":51}},"30":{"start":{"line":55,"column":52},"end":{"line":55,"column":58}},"31":{"start":{"line":58,"column":4},"end":{"line":60,"column":5}},"32":{"start":{"line":59,"column":8},"end":{"line":59,"column":68}},"33":{"start":{"line":68,"column":21},"end":{"line":68,"column":52}},"34":{"start":{"line":69,"column":4},"end":{"line":69,"column":32}},"35":{"start":{"line":73,"column":22},"end":{"line":73,"column":83}},"36":{"start":{"line":74,"column":17},"end":{"line":74,"column":73}},"37":{"start":{"line":75,"column":17},"end":{"line":75,"column":73}},"38":{"start":{"line":77,"column":4},"end":{"line":80,"column":5}},"39":{"start":{"line":78,"column":8},"end":{"line":78,"column":61}},"40":{"start":{"line":79,"column":8},"end":{"line":79,"column":15}},"41":{"start":{"line":82,"column":4},"end":{"line":85,"column":5}},"42":{"start":{"line":83,"column":8},"end":{"line":83,"column":53}},"43":{"start":{"line":84,"column":8},"end":{"line":84,"column":15}},"44":{"start":{"line":87,"column":18},"end":{"line":87,"column":62}},"45":{"start":{"line":88,"column":4},"end":{"line":88,"column":91}},"46":{"start":{"line":95,"column":4},"end":{"line":95,"column":82}},"47":{"start":{"line":99,"column":22},"end":{"line":99,"column":85}},"48":{"start":{"line":100,"column":17},"end":{"line":100,"column":75}},"49":{"start":{"line":101,"column":17},"end":{"line":101,"column":75}},"50":{"start":{"line":102,"column":22},"end":{"line":102,"column":83}},"51":{"start":{"line":104,"column":4},"end":{"line":107,"column":5}},"52":{"start":{"line":105,"column":8},"end":{"line":105,"column":61}},"53":{"start":{"line":106,"column":8},"end":{"line":106,"column":15}},"54":{"start":{"line":109,"column":4},"end":{"line":112,"column":5}},"55":{"start":{"line":110,"column":8},"end":{"line":110,"column":84}},"56":{"start":{"line":111,"column":8},"end":{"line":111,"column":15}},"57":{"start":{"line":114,"column":19},"end":{"line":114,"column":76}},"58":{"start":{"line":115,"column":4},"end":{"line":115,"column":112}},"59":{"start":{"line":122,"column":4},"end":{"line":124,"column":5}},"60":{"start":{"line":123,"column":8},"end":{"line":123,"column":65}},"61":{"start":{"line":126,"column":4},"end":{"line":128,"column":5}},"62":{"start":{"line":127,"column":8},"end":{"line":127,"column":59}},"63":{"start":{"line":131,"column":24},"end":{"line":131,"column":46}},"64":{"start":{"line":137,"column":4},"end":{"line":143,"column":5}},"65":{"start":{"line":139,"column":8},"end":{"line":139,"column":40}},"66":{"start":{"line":141,"column":23},"end":{"line":141,"column":55}},"67":{"start":{"line":142,"column":8},"end":{"line":142,"column":72}},"68":{"start":{"line":146,"column":21},"end":{"line":146,"column":23}},"69":{"start":{"line":147,"column":24},"end":{"line":147,"column":33}},"70":{"start":{"line":149,"column":4},"end":{"line":165,"column":5}},"71":{"start":{"line":149,"column":19},"end":{"line":149,"column":20}},"72":{"start":{"line":150,"column":27},"end":{"line":150,"column":54}},"73":{"start":{"line":151,"column":27},"end":{"line":151,"column":51}},"74":{"start":{"line":152,"column":8},"end":{"line":152,"column":36}},"75":{"start":{"line":155,"column":8},"end":{"line":157,"column":9}},"76":{"start":{"line":156,"column":12},"end":{"line":156,"column":30}},"77":{"start":{"line":159,"column":8},"end":{"line":164,"column":11}},"78":{"start":{"line":167,"column":4},"end":{"line":167,"column":20}},"79":{"start":{"line":171,"column":22},"end":{"line":171,"column":81}},"80":{"start":{"line":172,"column":22},"end":{"line":172,"column":76}},"81":{"start":{"line":173,"column":18},"end":{"line":173,"column":72}},"82":{"start":{"line":175,"column":4},"end":{"line":180,"column":5}},"83":{"start":{"line":176,"column":25},"end":{"line":176,"column":74}},"84":{"start":{"line":177,"column":8},"end":{"line":177,"column":46}},"85":{"start":{"line":179,"column":8},"end":{"line":179,"column":29}},"86":{"start":{"line":184,"column":22},"end":{"line":184,"column":72}},"87":{"start":{"line":185,"column":4},"end":{"line":185,"column":27}},"88":{"start":{"line":185,"column":20},"end":{"line":185,"column":27}},"89":{"start":{"line":187,"column":4},"end":{"line":187,"column":29}},"90":{"start":{"line":189,"column":4},"end":{"line":198,"column":7}},"91":{"start":{"line":190,"column":19},"end":{"line":190,"column":47}},"92":{"start":{"line":191,"column":8},"end":{"line":196,"column":10}},"93":{"start":{"line":197,"column":8},"end":{"line":197,"column":34}},"94":{"start":{"line":203,"column":22},"end":{"line":203,"column":52}},"95":{"start":{"line":204,"column":20},"end":{"line":204,"column":48}},"96":{"start":{"line":207,"column":19},"end":{"line":207,"column":52}},"97":{"start":{"line":208,"column":4},"end":{"line":208,"column":43}},"98":{"start":{"line":212,"column":19},"end":{"line":212,"column":54}},"99":{"start":{"line":213,"column":4},"end":{"line":213,"column":44}},"100":{"start":{"line":218,"column":4},"end":{"line":220,"column":5}},"101":{"start":{"line":219,"column":8},"end":{"line":219,"column":61}},"102":{"start":{"line":222,"column":4},"end":{"line":224,"column":5}},"103":{"start":{"line":223,"column":8},"end":{"line":223,"column":64}},"104":{"start":{"line":226,"column":4},"end":{"line":228,"column":5}},"105":{"start":{"line":227,"column":8},"end":{"line":227,"column":55}},"106":{"start":{"line":231,"column":18},"end":{"line":231,"column":30}},"107":{"start":{"line":232,"column":22},"end":{"line":232,"column":36}},"108":{"start":{"line":235,"column":4},"end":{"line":239,"column":5}},"109":{"start":{"line":236,"column":8},"end":{"line":236,"column":25}},"110":{"start":{"line":238,"column":8},"end":{"line":238,"column":25}},"111":{"start":{"line":242,"column":21},"end":{"line":248,"column":5}},"112":{"start":{"line":250,"column":4},"end":{"line":250,"column":29}},"113":{"start":{"line":253,"column":4},"end":{"line":253,"column":58}},"114":{"start":{"line":254,"column":4},"end":{"line":254,"column":67}},"115":{"start":{"line":256,"column":4},"end":{"line":256,"column":19}},"116":{"start":{"line":260,"column":17},"end":{"line":260,"column":63}},"117":{"start":{"line":261,"column":18},"end":{"line":261,"column":78}},"118":{"start":{"line":262,"column":24},"end":{"line":262,"column":77}},"119":{"start":{"line":264,"column":4},"end":{"line":275,"column":5}},"120":{"start":{"line":265,"column":27},"end":{"line":265,"column":68}},"121":{"start":{"line":266,"column":8},"end":{"line":266,"column":41}},"122":{"start":{"line":269,"column":8},"end":{"line":269,"column":62}},"123":{"start":{"line":270,"column":8},"end":{"line":270,"column":67}},"124":{"start":{"line":272,"column":8},"end":{"line":272,"column":82}},"125":{"start":{"line":274,"column":8},"end":{"line":274,"column":29}},"126":{"start":{"line":279,"column":27},"end":{"line":279,"column":69}},"127":{"start":{"line":280,"column":4},"end":{"line":282,"column":5}},"128":{"start":{"line":281,"column":8},"end":{"line":281,"column":62}},"129":{"start":{"line":286,"column":20},"end":{"line":286,"column":32}},"130":{"start":{"line":287,"column":4},"end":{"line":287,"column":34}},"131":{"start":{"line":292,"column":19},"end":{"line":292,"column":46}},"132":{"start":{"line":295,"column":19},"end":{"line":295,"column":51}},"133":{"start":{"line":296,"column":4},"end":{"line":296,"column":44}},"134":{"start":{"line":301,"column":4},"end":{"line":303,"column":5}},"135":{"start":{"line":302,"column":8},"end":{"line":302,"column":65}},"136":{"start":{"line":305,"column":4},"end":{"line":307,"column":5}},"137":{"start":{"line":306,"column":8},"end":{"line":306,"column":85}},"138":{"start":{"line":309,"column":4},"end":{"line":309,"column":48}},"139":{"start":{"line":314,"column":4},"end":{"line":316,"column":5}},"140":{"start":{"line":315,"column":8},"end":{"line":315,"column":65}},"141":{"start":{"line":318,"column":4},"end":{"line":320,"column":5}},"142":{"start":{"line":319,"column":8},"end":{"line":319,"column":65}},"143":{"start":{"line":322,"column":4},"end":{"line":324,"column":5}},"144":{"start":{"line":323,"column":8},"end":{"line":323,"column":77}},"145":{"start":{"line":326,"column":4},"end":{"line":326,"column":54}},"146":{"start":{"line":331,"column":4},"end":{"line":333,"column":5}},"147":{"start":{"line":332,"column":8},"end":{"line":332,"column":65}},"148":{"start":{"line":335,"column":4},"end":{"line":337,"column":5}},"149":{"start":{"line":336,"column":8},"end":{"line":336,"column":65}},"150":{"start":{"line":339,"column":25},"end":{"line":339,"column":43}},"151":{"start":{"line":340,"column":19},"end":{"line":340,"column":42}},"152":{"start":{"line":342,"column":4},"end":{"line":345,"column":6}},"153":{"start":{"line":350,"column":4},"end":{"line":352,"column":5}},"154":{"start":{"line":351,"column":8},"end":{"line":351,"column":65}},"155":{"start":{"line":354,"column":4},"end":{"line":356,"column":5}},"156":{"start":{"line":355,"column":8},"end":{"line":355,"column":65}},"157":{"start":{"line":358,"column":4},"end":{"line":360,"column":5}},"158":{"start":{"line":359,"column":8},"end":{"line":359,"column":77}},"159":{"start":{"line":362,"column":23},"end":{"line":362,"column":52}},"160":{"start":{"line":363,"column":22},"end":{"line":363,"column":37}},"161":{"start":{"line":364,"column":20},"end":{"line":364,"column":42}},"162":{"start":{"line":366,"column":4},"end":{"line":366,"column":42}},"163":{"start":{"line":370,"column":20},"end":{"line":370,"column":80}},"164":{"start":{"line":371,"column":23},"end":{"line":371,"column":81}},"165":{"start":{"line":372,"column":24},"end":{"line":372,"column":81}},"166":{"start":{"line":373,"column":21},"end":{"line":373,"column":82}},"167":{"start":{"line":374,"column":20},"end":{"line":374,"column":75}},"168":{"start":{"line":376,"column":4},"end":{"line":410,"column":5}},"169":{"start":{"line":378,"column":19},"end":{"line":378,"column":61}},"170":{"start":{"line":379,"column":19},"end":{"line":379,"column":63}},"171":{"start":{"line":380,"column":28},"end":{"line":380,"column":97}},"172":{"start":{"line":381,"column":24},"end":{"line":381,"column":76}},"173":{"start":{"line":384,"column":8},"end":{"line":390,"column":11}},"174":{"start":{"line":393,"column":22},"end":{"line":402,"column":9}},"175":{"start":{"line":404,"column":23},"end":{"line":404,"column":34}},"176":{"start":{"line":405,"column":8},"end":{"line":405,"column":27}},"177":{"start":{"line":406,"column":8},"end":{"line":406,"column":65}},"178":{"start":{"line":409,"column":8},"end":{"line":409,"column":29}},"179":{"start":{"line":414,"column":22},"end":{"line":414,"column":58}},"180":{"start":{"line":415,"column":22},"end":{"line":415,"column":58}},"181":{"start":{"line":416,"column":23},"end":{"line":416,"column":60}},"182":{"start":{"line":417,"column":26},"end":{"line":417,"column":66}},"183":{"start":{"line":419,"column":4},"end":{"line":419,"column":71}},"184":{"start":{"line":419,"column":19},"end":{"line":419,"column":71}},"185":{"start":{"line":420,"column":4},"end":{"line":420,"column":71}},"186":{"start":{"line":420,"column":19},"end":{"line":420,"column":71}},"187":{"start":{"line":421,"column":4},"end":{"line":421,"column":72}},"188":{"start":{"line":421,"column":20},"end":{"line":421,"column":72}},"189":{"start":{"line":422,"column":4},"end":{"line":422,"column":83}},"190":{"start":{"line":422,"column":23},"end":{"line":422,"column":83}},"191":{"start":{"line":427,"column":19},"end":{"line":427,"column":23}},"192":{"start":{"line":428,"column":19},"end":{"line":428,"column":23}},"193":{"start":{"line":431,"column":4},"end":{"line":457,"column":5}},"194":{"start":{"line":432,"column":25},"end":{"line":432,"column":123}},"195":{"start":{"line":433,"column":21},"end":{"line":433,"column":42}},"196":{"start":{"line":435,"column":8},"end":{"line":437,"column":9}},"197":{"start":{"line":436,"column":12},"end":{"line":436,"column":67}},"198":{"start":{"line":439,"column":22},"end":{"line":439,"column":42}},"199":{"start":{"line":440,"column":29},"end":{"line":440,"column":59}},"200":{"start":{"line":441,"column":26},"end":{"line":441,"column":55}},"201":{"start":{"line":443,"column":8},"end":{"line":445,"column":9}},"202":{"start":{"line":444,"column":12},"end":{"line":444,"column":57}},"203":{"start":{"line":447,"column":26},"end":{"line":447,"column":72}},"204":{"start":{"line":449,"column":8},"end":{"line":453,"column":10}},"205":{"start":{"line":455,"column":8},"end":{"line":455,"column":58}},"206":{"start":{"line":456,"column":8},"end":{"line":456,"column":20}},"207":{"start":{"line":461,"column":27},"end":{"line":461,"column":69}},"208":{"start":{"line":462,"column":4},"end":{"line":462,"column":32}},"209":{"start":{"line":462,"column":25},"end":{"line":462,"column":32}},"210":{"start":{"line":465,"column":19},"end":{"line":465,"column":51}},"211":{"start":{"line":466,"column":4},"end":{"line":466,"column":367}},"212":{"start":{"line":467,"column":4},"end":{"line":467,"column":26}},"213":{"start":{"line":468,"column":4},"end":{"line":468,"column":26}},"214":{"start":{"line":469,"column":4},"end":{"line":469,"column":29}},"215":{"start":{"line":470,"column":4},"end":{"line":470,"column":38}},"216":{"start":{"line":471,"column":4},"end":{"line":471,"column":28}},"217":{"start":{"line":473,"column":4},"end":{"line":473,"column":34}},"218":{"start":{"line":474,"column":4},"end":{"line":474,"column":39}},"219":{"start":{"line":478,"column":4},"end":{"line":478,"column":26}},"220":{"start":{"line":481,"column":25},"end":{"line":481,"column":73}},"221":{"start":{"line":482,"column":4},"end":{"line":482,"column":56}},"222":{"start":{"line":482,"column":22},"end":{"line":482,"column":56}},"223":{"start":{"line":485,"column":4},"end":{"line":485,"column":33}},"224":{"start":{"line":488,"column":4},"end":{"line":511,"column":5}},"225":{"start":{"line":489,"column":21},"end":{"line":489,"column":49}},"226":{"start":{"line":490,"column":8},"end":{"line":490,"column":41}},"227":{"start":{"line":492,"column":33},"end":{"line":492,"column":77}},"228":{"start":{"line":493,"column":29},"end":{"line":493,"column":77}},"229":{"start":{"line":495,"column":8},"end":{"line":499,"column":9}},"230":{"start":{"line":496,"column":34},"end":{"line":496,"column":98}},"231":{"start":{"line":497,"column":12},"end":{"line":497,"column":57}},"232":{"start":{"line":498,"column":12},"end":{"line":498,"column":87}},"233":{"start":{"line":501,"column":8},"end":{"line":503,"column":9}},"234":{"start":{"line":502,"column":12},"end":{"line":502,"column":74}},"235":{"start":{"line":505,"column":33},"end":{"line":505,"column":77}},"236":{"start":{"line":506,"column":8},"end":{"line":509,"column":9}},"237":{"start":{"line":507,"column":12},"end":{"line":507,"column":61}},"238":{"start":{"line":508,"column":12},"end":{"line":508,"column":50}},"239":{"start":{"line":510,"column":8},"end":{"line":510,"column":97}},"240":{"start":{"line":515,"column":18},"end":{"line":515,"column":60}},"241":{"start":{"line":516,"column":4},"end":{"line":516,"column":23}},"242":{"start":{"line":516,"column":16},"end":{"line":516,"column":23}},"243":{"start":{"line":518,"column":19},"end":{"line":518,"column":51}},"244":{"start":{"line":519,"column":4},"end":{"line":522,"column":5}},"245":{"start":{"line":520,"column":8},"end":{"line":520,"column":53}},"246":{"start":{"line":521,"column":8},"end":{"line":521,"column":15}},"247":{"start":{"line":524,"column":23},"end":{"line":524,"column":61}},"248":{"start":{"line":525,"column":4},"end":{"line":525,"column":28}},"249":{"start":{"line":525,"column":21},"end":{"line":525,"column":28}},"250":{"start":{"line":528,"column":27},"end":{"line":528,"column":69}},"251":{"start":{"line":529,"column":4},"end":{"line":534,"column":5}},"252":{"start":{"line":530,"column":8},"end":{"line":533,"column":9}},"253":{"start":{"line":531,"column":12},"end":{"line":531,"column":53}},"254":{"start":{"line":532,"column":12},"end":{"line":532,"column":19}},"255":{"start":{"line":537,"column":15},"end":{"line":537,"column":43}},"256":{"start":{"line":538,"column":4},"end":{"line":538,"column":31}},"257":{"start":{"line":539,"column":4},"end":{"line":539,"column":32}},"258":{"start":{"line":540,"column":4},"end":{"line":540,"column":113}},"259":{"start":{"line":541,"column":4},"end":{"line":541,"column":36}},"260":{"start":{"line":542,"column":4},"end":{"line":542,"column":65}},"261":{"start":{"line":542,"column":39},"end":{"line":542,"column":63}},"262":{"start":{"line":544,"column":4},"end":{"line":544,"column":31}},"263":{"start":{"line":545,"column":4},"end":{"line":545,"column":21}},"264":{"start":{"line":549,"column":4},"end":{"line":552,"column":5}},"265":{"start":{"line":550,"column":8},"end":{"line":550,"column":63}},"266":{"start":{"line":551,"column":8},"end":{"line":551,"column":15}},"267":{"start":{"line":554,"column":24},"end":{"line":554,"column":87}},"268":{"start":{"line":556,"column":4},"end":{"line":559,"column":5}},"269":{"start":{"line":557,"column":8},"end":{"line":557,"column":66}},"270":{"start":{"line":558,"column":8},"end":{"line":558,"column":15}},"271":{"start":{"line":561,"column":4},"end":{"line":579,"column":5}},"272":{"start":{"line":562,"column":19},"end":{"line":562,"column":63}},"273":{"start":{"line":563,"column":21},"end":{"line":563,"column":38}},"274":{"start":{"line":566,"column":26},"end":{"line":566,"column":74}},"275":{"start":{"line":567,"column":26},"end":{"line":567,"column":67}},"276":{"start":{"line":568,"column":23},"end":{"line":568,"column":61}},"277":{"start":{"line":569,"column":25},"end":{"line":569,"column":65}},"278":{"start":{"line":571,"column":8},"end":{"line":571,"column":77}},"279":{"start":{"line":571,"column":23},"end":{"line":571,"column":77}},"280":{"start":{"line":572,"column":8},"end":{"line":572,"column":61}},"281":{"start":{"line":572,"column":20},"end":{"line":572,"column":61}},"282":{"start":{"line":573,"column":8},"end":{"line":573,"column":67}},"283":{"start":{"line":573,"column":22},"end":{"line":573,"column":67}},"284":{"start":{"line":575,"column":8},"end":{"line":575,"column":57}},"285":{"start":{"line":575,"column":23},"end":{"line":575,"column":57}},"286":{"start":{"line":578,"column":8},"end":{"line":578,"column":29}},"287":{"start":{"line":586,"column":24},"end":{"line":586,"column":61}},"288":{"start":{"line":587,"column":4},"end":{"line":589,"column":7}},"289":{"start":{"line":588,"column":8},"end":{"line":588,"column":39}},"290":{"start":{"line":592,"column":26},"end":{"line":592,"column":60}},"291":{"start":{"line":593,"column":4},"end":{"line":595,"column":5}},"292":{"start":{"line":594,"column":8},"end":{"line":594,"column":46}},"293":{"start":{"line":598,"column":23},"end":{"line":598,"column":60}},"294":{"start":{"line":599,"column":4},"end":{"line":604,"column":7}},"295":{"start":{"line":600,"column":8},"end":{"line":600,"column":39}},"296":{"start":{"line":601,"column":8},"end":{"line":603,"column":9}},"297":{"start":{"line":602,"column":12},"end":{"line":602,"column":40}},"298":{"start":{"line":609,"column":0},"end":{"line":663,"column":3}},"299":{"start":{"line":611,"column":19},"end":{"line":611,"column":53}},"300":{"start":{"line":612,"column":24},"end":{"line":612,"column":63}},"301":{"start":{"line":613,"column":24},"end":{"line":613,"column":63}},"302":{"start":{"line":614,"column":22},"end":{"line":614,"column":59}},"303":{"start":{"line":616,"column":4},"end":{"line":616,"column":91}},"304":{"start":{"line":616,"column":16},"end":{"line":616,"column":91}},"305":{"start":{"line":616,"column":55},"end":{"line":616,"column":89}},"306":{"start":{"line":617,"column":4},"end":{"line":617,"column":106}},"307":{"start":{"line":617,"column":21},"end":{"line":617,"column":106}},"308":{"start":{"line":617,"column":65},"end":{"line":617,"column":104}},"309":{"start":{"line":618,"column":4},"end":{"line":618,"column":106}},"310":{"start":{"line":618,"column":21},"end":{"line":618,"column":106}},"311":{"start":{"line":618,"column":65},"end":{"line":618,"column":104}},"312":{"start":{"line":619,"column":4},"end":{"line":619,"column":100}},"313":{"start":{"line":619,"column":19},"end":{"line":619,"column":100}},"314":{"start":{"line":619,"column":61},"end":{"line":619,"column":98}},"315":{"start":{"line":622,"column":22},"end":{"line":622,"column":68}},"316":{"start":{"line":623,"column":4},"end":{"line":623,"column":77}},"317":{"start":{"line":623,"column":19},"end":{"line":623,"column":77}},"318":{"start":{"line":626,"column":24},"end":{"line":626,"column":72}},"319":{"start":{"line":627,"column":4},"end":{"line":627,"column":83}},"320":{"start":{"line":627,"column":21},"end":{"line":627,"column":83}},"321":{"start":{"line":630,"column":20},"end":{"line":630,"column":68}},"322":{"start":{"line":631,"column":4},"end":{"line":631,"column":75}},"323":{"start":{"line":631,"column":17},"end":{"line":631,"column":75}},"324":{"start":{"line":634,"column":24},"end":{"line":634,"column":69}},"325":{"start":{"line":635,"column":4},"end":{"line":635,"column":83}},"326":{"start":{"line":635,"column":21},"end":{"line":635,"column":83}},"327":{"start":{"line":638,"column":23},"end":{"line":638,"column":71}},"328":{"start":{"line":639,"column":4},"end":{"line":639,"column":83}},"329":{"start":{"line":639,"column":20},"end":{"line":639,"column":83}},"330":{"start":{"line":642,"column":23},"end":{"line":642,"column":63}},"331":{"start":{"line":643,"column":4},"end":{"line":645,"column":7}},"332":{"start":{"line":644,"column":8},"end":{"line":644,"column":84}},"333":{"start":{"line":644,"column":45},"end":{"line":644,"column":82}},"334":{"start":{"line":648,"column":24},"end":{"line":648,"column":64}},"335":{"start":{"line":649,"column":4},"end":{"line":649,"column":75}},"336":{"start":{"line":649,"column":21},"end":{"line":649,"column":75}},"337":{"start":{"line":652,"column":28},"end":{"line":652,"column":72}},"338":{"start":{"line":653,"column":4},"end":{"line":653,"column":87}},"339":{"start":{"line":653,"column":25},"end":{"line":653,"column":87}},"340":{"start":{"line":656,"column":23},"end":{"line":656,"column":60}},"341":{"start":{"line":657,"column":4},"end":{"line":659,"column":7}},"342":{"start":{"line":658,"column":8},"end":{"line":658,"column":80}},"343":{"start":{"line":658,"column":44},"end":{"line":658,"column":78}},"344":{"start":{"line":662,"column":4},"end":{"line":662,"column":27}}},"fnMap":{"0":{"name":"updateResult","decl":{"start":{"line":6,"column":9},"end":{"line":6,"column":21}},"loc":{"start":{"line":6,"column":44},"end":{"line":18,"column":1}},"line":6},"1":{"name":"getBasicInputs","decl":{"start":{"line":22,"column":9},"end":{"line":22,"column":23}},"loc":{"start":{"line":22,"column":26},"end":{"line":31,"column":1}},"line":22},"2":{"name":"add","decl":{"start":{"line":33,"column":9},"end":{"line":33,"column":12}},"loc":{"start":{"line":33,"column":19},"end":{"line":33,"column":36}},"line":33},"3":{"name":"subtract","decl":{"start":{"line":34,"column":9},"end":{"line":34,"column":17}},"loc":{"start":{"line":34,"column":24},"end":{"line":34,"column":41}},"line":34},"4":{"name":"multiply","decl":{"start":{"line":35,"column":9},"end":{"line":35,"column":17}},"loc":{"start":{"line":35,"column":24},"end":{"line":35,"column":41}},"line":35},"5":{"name":"divide","decl":{"start":{"line":36,"column":9},"end":{"line":36,"column":15}},"loc":{"start":{"line":36,"column":22},"end":{"line":42,"column":1}},"line":36},"6":{"name":"handleBasicCalculation","decl":{"start":{"line":44,"column":9},"end":{"line":44,"column":31}},"loc":{"start":{"line":44,"column":51},"end":{"line":61,"column":1}},"line":44},"7":{"name":"computeSimpleInterest","decl":{"start":{"line":65,"column":9},"end":{"line":65,"column":30}},"loc":{"start":{"line":65,"column":54},"end":{"line":70,"column":1}},"line":65},"8":{"name":"handleSimpleInterest","decl":{"start":{"line":72,"column":9},"end":{"line":72,"column":29}},"loc":{"start":{"line":72,"column":32},"end":{"line":89,"column":1}},"line":72},"9":{"name":"computeCompoundInterest","decl":{"start":{"line":93,"column":9},"end":{"line":93,"column":32}},"loc":{"start":{"line":93,"column":67},"end":{"line":96,"column":1}},"line":93},"10":{"name":"handleCompoundInterest","decl":{"start":{"line":98,"column":9},"end":{"line":98,"column":31}},"loc":{"start":{"line":98,"column":34},"end":{"line":116,"column":1}},"line":98},"11":{"name":"amortizacionPrestamo","decl":{"start":{"line":120,"column":9},"end":{"line":120,"column":29}},"loc":{"start":{"line":120,"column":59},"end":{"line":168,"column":1}},"line":120},"12":{"name":"handleLoanAmortization","decl":{"start":{"line":170,"column":9},"end":{"line":170,"column":31}},"loc":{"start":{"line":170,"column":34},"end":{"line":181,"column":1}},"line":170},"13":{"name":"displayAmortizationSchedule","decl":{"start":{"line":183,"column":9},"end":{"line":183,"column":36}},"loc":{"start":{"line":183,"column":47},"end":{"line":199,"column":1}},"line":183},"14":{"name":"(anonymous_14)","decl":{"start":{"line":189,"column":21},"end":{"line":189,"column":22}},"loc":{"start":{"line":189,"column":28},"end":{"line":198,"column":5}},"line":189},"15":{"name":"getBalance","decl":{"start":{"line":206,"column":9},"end":{"line":206,"column":19}},"loc":{"start":{"line":206,"column":22},"end":{"line":209,"column":1}},"line":206},"16":{"name":"getMovements","decl":{"start":{"line":211,"column":9},"end":{"line":211,"column":21}},"loc":{"start":{"line":211,"column":24},"end":{"line":214,"column":1}},"line":211},"17":{"name":"trackMovimiento","decl":{"start":{"line":216,"column":9},"end":{"line":216,"column":24}},"loc":{"start":{"line":216,"column":51},"end":{"line":257,"column":1}},"line":216},"18":{"name":"handleMovementTracking","decl":{"start":{"line":259,"column":9},"end":{"line":259,"column":31}},"loc":{"start":{"line":259,"column":34},"end":{"line":276,"column":1}},"line":259},"19":{"name":"updateBalanceDisplay","decl":{"start":{"line":278,"column":9},"end":{"line":278,"column":29}},"loc":{"start":{"line":278,"column":39},"end":{"line":283,"column":1}},"line":278},"20":{"name":"loadBalanceOnStartup","decl":{"start":{"line":285,"column":9},"end":{"line":285,"column":29}},"loc":{"start":{"line":285,"column":32},"end":{"line":288,"column":1}},"line":285},"21":{"name":"getTrades","decl":{"start":{"line":294,"column":9},"end":{"line":294,"column":18}},"loc":{"start":{"line":294,"column":21},"end":{"line":297,"column":1}},"line":294},"22":{"name":"calculateStopLoss","decl":{"start":{"line":299,"column":9},"end":{"line":299,"column":26}},"loc":{"start":{"line":299,"column":52},"end":{"line":310,"column":1}},"line":299},"23":{"name":"calculateTakeProfit","decl":{"start":{"line":312,"column":9},"end":{"line":312,"column":28}},"loc":{"start":{"line":312,"column":54},"end":{"line":327,"column":1}},"line":312},"24":{"name":"calculateLeveragePosition","decl":{"start":{"line":329,"column":9},"end":{"line":329,"column":34}},"loc":{"start":{"line":329,"column":79},"end":{"line":346,"column":1}},"line":329},"25":{"name":"positionSizing","decl":{"start":{"line":348,"column":9},"end":{"line":348,"column":23}},"loc":{"start":{"line":348,"column":62},"end":{"line":367,"column":1}},"line":348},"26":{"name":"handleTradingCalculation","decl":{"start":{"line":369,"column":9},"end":{"line":369,"column":33}},"loc":{"start":{"line":369,"column":36},"end":{"line":411,"column":1}},"line":369},"27":{"name":"displayTradingResults","decl":{"start":{"line":413,"column":9},"end":{"line":413,"column":30}},"loc":{"start":{"line":413,"column":40},"end":{"line":423,"column":1}},"line":413},"28":{"name":"fetchVariacion","decl":{"start":{"line":430,"column":15},"end":{"line":430,"column":29}},"loc":{"start":{"line":430,"column":37},"end":{"line":458,"column":1}},"line":430},"29":{"name":"loadTradingViewChart","decl":{"start":{"line":460,"column":9},"end":{"line":460,"column":29}},"loc":{"start":{"line":460,"column":38},"end":{"line":475,"column":1}},"line":460},"30":{"name":"handleAssetClick","decl":{"start":{"line":477,"column":15},"end":{"line":477,"column":31}},"loc":{"start":{"line":477,"column":40},"end":{"line":512,"column":1}},"line":477},"31":{"name":"handleAddAsset","decl":{"start":{"line":514,"column":9},"end":{"line":514,"column":23}},"loc":{"start":{"line":514,"column":26},"end":{"line":546,"column":1}},"line":514},"32":{"name":"(anonymous_32)","decl":{"start":{"line":542,"column":33},"end":{"line":542,"column":34}},"loc":{"start":{"line":542,"column":39},"end":{"line":542,"column":63}},"line":542},"33":{"name":"handleAnalyzeTrade","decl":{"start":{"line":548,"column":9},"end":{"line":548,"column":27}},"loc":{"start":{"line":548,"column":30},"end":{"line":580,"column":1}},"line":548},"34":{"name":"switchSection","decl":{"start":{"line":584,"column":9},"end":{"line":584,"column":22}},"loc":{"start":{"line":584,"column":34},"end":{"line":605,"column":1}},"line":584},"35":{"name":"(anonymous_35)","decl":{"start":{"line":587,"column":24},"end":{"line":587,"column":25}},"loc":{"start":{"line":587,"column":35},"end":{"line":589,"column":5}},"line":587},"36":{"name":"(anonymous_36)","decl":{"start":{"line":599,"column":23},"end":{"line":599,"column":24}},"loc":{"start":{"line":599,"column":30},"end":{"line":604,"column":5}},"line":599},"37":{"name":"(anonymous_37)","decl":{"start":{"line":609,"column":46},"end":{"line":609,"column":47}},"loc":{"start":{"line":609,"column":52},"end":{"line":663,"column":1}},"line":609},"38":{"name":"(anonymous_38)","decl":{"start":{"line":616,"column":49},"end":{"line":616,"column":50}},"loc":{"start":{"line":616,"column":55},"end":{"line":616,"column":89}},"line":616},"39":{"name":"(anonymous_39)","decl":{"start":{"line":617,"column":59},"end":{"line":617,"column":60}},"loc":{"start":{"line":617,"column":65},"end":{"line":617,"column":104}},"line":617},"40":{"name":"(anonymous_40)","decl":{"start":{"line":618,"column":59},"end":{"line":618,"column":60}},"loc":{"start":{"line":618,"column":65},"end":{"line":618,"column":104}},"line":618},"41":{"name":"(anonymous_41)","decl":{"start":{"line":619,"column":55},"end":{"line":619,"column":56}},"loc":{"start":{"line":619,"column":61},"end":{"line":619,"column":98}},"line":619},"42":{"name":"(anonymous_42)","decl":{"start":{"line":643,"column":23},"end":{"line":643,"column":24}},"loc":{"start":{"line":643,"column":31},"end":{"line":645,"column":5}},"line":643},"43":{"name":"(anonymous_43)","decl":{"start":{"line":644,"column":39},"end":{"line":644,"column":40}},"loc":{"start":{"line":644,"column":45},"end":{"line":644,"column":82}},"line":644},"44":{"name":"(anonymous_44)","decl":{"start":{"line":657,"column":23},"end":{"line":657,"column":24}},"loc":{"start":{"line":657,"column":30},"end":{"line":659,"column":5}},"line":657},"45":{"name":"(anonymous_45)","decl":{"start":{"line":658,"column":38},"end":{"line":658,"column":39}},"loc":{"start":{"line":658,"column":44},"end":{"line":658,"column":78}},"line":658}},"branchMap":{"0":{"loc":{"start":{"line":26,"column":4},"end":{"line":29,"column":5}},"type":"if","locations":[{"start":{"line":26,"column":4},"end":{"line":29,"column":5}},{"start":{},"end":{}}],"line":26},"1":{"loc":{"start":{"line":26,"column":8},"end":{"line":26,"column":34}},"type":"binary-expr","locations":[{"start":{"line":26,"column":8},"end":{"line":26,"column":19}},{"start":{"line":26,"column":23},"end":{"line":26,"column":34}}],"line":26},"2":{"loc":{"start":{"line":37,"column":4},"end":{"line":40,"column":5}},"type":"if","locations":[{"start":{"line":37,"column":4},"end":{"line":40,"column":5}},{"start":{},"end":{}}],"line":37},"3":{"loc":{"start":{"line":46,"column":4},"end":{"line":46,"column":24}},"type":"if","locations":[{"start":{"line":46,"column":4},"end":{"line":46,"column":24}},{"start":{},"end":{}}],"line":46},"4":{"loc":{"start":{"line":51,"column":4},"end":{"line":56,"column":5}},"type":"switch","locations":[{"start":{"line":52,"column":8},"end":{"line":52,"column":52}},{"start":{"line":53,"column":8},"end":{"line":53,"column":62}},{"start":{"line":54,"column":8},"end":{"line":54,"column":62}},{"start":{"line":55,"column":8},"end":{"line":55,"column":58}}],"line":51},"5":{"loc":{"start":{"line":58,"column":4},"end":{"line":60,"column":5}},"type":"if","locations":[{"start":{"line":58,"column":4},"end":{"line":60,"column":5}},{"start":{},"end":{}}],"line":58},"6":{"loc":{"start":{"line":77,"column":4},"end":{"line":80,"column":5}},"type":"if","locations":[{"start":{"line":77,"column":4},"end":{"line":80,"column":5}},{"start":{},"end":{}}],"line":77},"7":{"loc":{"start":{"line":77,"column":8},"end":{"line":77,"column":54}},"type":"binary-expr","locations":[{"start":{"line":77,"column":8},"end":{"line":77,"column":24}},{"start":{"line":77,"column":28},"end":{"line":77,"column":39}},{"start":{"line":77,"column":43},"end":{"line":77,"column":54}}],"line":77},"8":{"loc":{"start":{"line":82,"column":4},"end":{"line":85,"column":5}},"type":"if","locations":[{"start":{"line":82,"column":4},"end":{"line":85,"column":5}},{"start":{},"end":{}}],"line":82},"9":{"loc":{"start":{"line":82,"column":8},"end":{"line":82,"column":45}},"type":"binary-expr","locations":[{"start":{"line":82,"column":8},"end":{"line":82,"column":21}},{"start":{"line":82,"column":25},"end":{"line":82,"column":33}},{"start":{"line":82,"column":37},"end":{"line":82,"column":45}}],"line":82},"10":{"loc":{"start":{"line":104,"column":4},"end":{"line":107,"column":5}},"type":"if","locations":[{"start":{"line":104,"column":4},"end":{"line":107,"column":5}},{"start":{},"end":{}}],"line":104},"11":{"loc":{"start":{"line":104,"column":8},"end":{"line":104,"column":74}},"type":"binary-expr","locations":[{"start":{"line":104,"column":8},"end":{"line":104,"column":24}},{"start":{"line":104,"column":28},"end":{"line":104,"column":39}},{"start":{"line":104,"column":43},"end":{"line":104,"column":54}},{"start":{"line":104,"column":58},"end":{"line":104,"column":74}}],"line":104},"12":{"loc":{"start":{"line":109,"column":4},"end":{"line":112,"column":5}},"type":"if","locations":[{"start":{"line":109,"column":4},"end":{"line":112,"column":5}},{"start":{},"end":{}}],"line":109},"13":{"loc":{"start":{"line":109,"column":8},"end":{"line":109,"column":63}},"type":"binary-expr","locations":[{"start":{"line":109,"column":8},"end":{"line":109,"column":21}},{"start":{"line":109,"column":25},"end":{"line":109,"column":33}},{"start":{"line":109,"column":37},"end":{"line":109,"column":45}},{"start":{"line":109,"column":49},"end":{"line":109,"column":63}}],"line":109},"14":{"loc":{"start":{"line":122,"column":4},"end":{"line":124,"column":5}},"type":"if","locations":[{"start":{"line":122,"column":4},"end":{"line":124,"column":5}},{"start":{},"end":{}}],"line":122},"15":{"loc":{"start":{"line":122,"column":8},"end":{"line":122,"column":60}},"type":"binary-expr","locations":[{"start":{"line":122,"column":8},"end":{"line":122,"column":24}},{"start":{"line":122,"column":28},"end":{"line":122,"column":44}},{"start":{"line":122,"column":48},"end":{"line":122,"column":60}}],"line":122},"16":{"loc":{"start":{"line":126,"column":4},"end":{"line":128,"column":5}},"type":"if","locations":[{"start":{"line":126,"column":4},"end":{"line":128,"column":5}},{"start":{},"end":{}}],"line":126},"17":{"loc":{"start":{"line":126,"column":8},"end":{"line":126,"column":53}},"type":"binary-expr","locations":[{"start":{"line":126,"column":8},"end":{"line":126,"column":22}},{"start":{"line":126,"column":26},"end":{"line":126,"column":39}},{"start":{"line":126,"column":43},"end":{"line":126,"column":53}}],"line":126},"18":{"loc":{"start":{"line":137,"column":4},"end":{"line":143,"column":5}},"type":"if","locations":[{"start":{"line":137,"column":4},"end":{"line":143,"column":5}},{"start":{"line":140,"column":11},"end":{"line":143,"column":5}}],"line":137},"19":{"loc":{"start":{"line":155,"column":8},"end":{"line":157,"column":9}},"type":"if","locations":[{"start":{"line":155,"column":8},"end":{"line":157,"column":9}},{"start":{},"end":{}}],"line":155},"20":{"loc":{"start":{"line":185,"column":4},"end":{"line":185,"column":27}},"type":"if","locations":[{"start":{"line":185,"column":4},"end":{"line":185,"column":27}},{"start":{},"end":{}}],"line":185},"21":{"loc":{"start":{"line":208,"column":11},"end":{"line":208,"column":42}},"type":"cond-expr","locations":[{"start":{"line":208,"column":20},"end":{"line":208,"column":38}},{"start":{"line":208,"column":41},"end":{"line":208,"column":42}}],"line":208},"22":{"loc":{"start":{"line":213,"column":11},"end":{"line":213,"column":43}},"type":"cond-expr","locations":[{"start":{"line":213,"column":20},"end":{"line":213,"column":38}},{"start":{"line":213,"column":41},"end":{"line":213,"column":43}}],"line":213},"23":{"loc":{"start":{"line":218,"column":4},"end":{"line":220,"column":5}},"type":"if","locations":[{"start":{"line":218,"column":4},"end":{"line":220,"column":5}},{"start":{},"end":{}}],"line":218},"24":{"loc":{"start":{"line":218,"column":8},"end":{"line":218,"column":57}},"type":"binary-expr","locations":[{"start":{"line":218,"column":8},"end":{"line":218,"column":13}},{"start":{"line":218,"column":18},"end":{"line":218,"column":36}},{"start":{"line":218,"column":40},"end":{"line":218,"column":56}}],"line":218},"25":{"loc":{"start":{"line":222,"column":4},"end":{"line":224,"column":5}},"type":"if","locations":[{"start":{"line":222,"column":4},"end":{"line":224,"column":5}},{"start":{},"end":{}}],"line":222},"26":{"loc":{"start":{"line":222,"column":8},"end":{"line":222,"column":34}},"type":"binary-expr","locations":[{"start":{"line":222,"column":8},"end":{"line":222,"column":20}},{"start":{"line":222,"column":24},"end":{"line":222,"column":34}}],"line":222},"27":{"loc":{"start":{"line":226,"column":4},"end":{"line":228,"column":5}},"type":"if","locations":[{"start":{"line":226,"column":4},"end":{"line":228,"column":5}},{"start":{},"end":{}}],"line":226},"28":{"loc":{"start":{"line":226,"column":8},"end":{"line":226,"column":49}},"type":"binary-expr","locations":[{"start":{"line":226,"column":8},"end":{"line":226,"column":20}},{"start":{"line":226,"column":24},"end":{"line":226,"column":49}}],"line":226},"29":{"loc":{"start":{"line":235,"column":4},"end":{"line":239,"column":5}},"type":"if","locations":[{"start":{"line":235,"column":4},"end":{"line":239,"column":5}},{"start":{"line":237,"column":11},"end":{"line":239,"column":5}}],"line":235},"30":{"loc":{"start":{"line":280,"column":4},"end":{"line":282,"column":5}},"type":"if","locations":[{"start":{"line":280,"column":4},"end":{"line":282,"column":5}},{"start":{},"end":{}}],"line":280},"31":{"loc":{"start":{"line":296,"column":11},"end":{"line":296,"column":43}},"type":"cond-expr","locations":[{"start":{"line":296,"column":20},"end":{"line":296,"column":38}},{"start":{"line":296,"column":41},"end":{"line":296,"column":43}}],"line":296},"32":{"loc":{"start":{"line":301,"column":4},"end":{"line":303,"column":5}},"type":"if","locations":[{"start":{"line":301,"column":4},"end":{"line":303,"column":5}},{"start":{},"end":{}}],"line":301},"33":{"loc":{"start":{"line":301,"column":8},"end":{"line":301,"column":47}},"type":"binary-expr","locations":[{"start":{"line":301,"column":8},"end":{"line":301,"column":25}},{"start":{"line":301,"column":29},"end":{"line":301,"column":47}}],"line":301},"34":{"loc":{"start":{"line":305,"column":4},"end":{"line":307,"column":5}},"type":"if","locations":[{"start":{"line":305,"column":4},"end":{"line":307,"column":5}},{"start":{},"end":{}}],"line":305},"35":{"loc":{"start":{"line":305,"column":8},"end":{"line":305,"column":63}},"type":"binary-expr","locations":[{"start":{"line":305,"column":8},"end":{"line":305,"column":23}},{"start":{"line":305,"column":27},"end":{"line":305,"column":42}},{"start":{"line":305,"column":46},"end":{"line":305,"column":63}}],"line":305},"36":{"loc":{"start":{"line":314,"column":4},"end":{"line":316,"column":5}},"type":"if","locations":[{"start":{"line":314,"column":4},"end":{"line":316,"column":5}},{"start":{},"end":{}}],"line":314},"37":{"loc":{"start":{"line":314,"column":8},"end":{"line":314,"column":56}},"type":"binary-expr","locations":[{"start":{"line":314,"column":8},"end":{"line":314,"column":25}},{"start":{"line":314,"column":29},"end":{"line":314,"column":38}},{"start":{"line":314,"column":42},"end":{"line":314,"column":56}}],"line":314},"38":{"loc":{"start":{"line":318,"column":4},"end":{"line":320,"column":5}},"type":"if","locations":[{"start":{"line":318,"column":4},"end":{"line":320,"column":5}},{"start":{},"end":{}}],"line":318},"39":{"loc":{"start":{"line":318,"column":8},"end":{"line":318,"column":50}},"type":"binary-expr","locations":[{"start":{"line":318,"column":8},"end":{"line":318,"column":23}},{"start":{"line":318,"column":27},"end":{"line":318,"column":34}},{"start":{"line":318,"column":38},"end":{"line":318,"column":50}}],"line":318},"40":{"loc":{"start":{"line":322,"column":4},"end":{"line":324,"column":5}},"type":"if","locations":[{"start":{"line":322,"column":4},"end":{"line":324,"column":5}},{"start":{},"end":{}}],"line":322},"41":{"loc":{"start":{"line":331,"column":4},"end":{"line":333,"column":5}},"type":"if","locations":[{"start":{"line":331,"column":4},"end":{"line":333,"column":5}},{"start":{},"end":{}}],"line":331},"42":{"loc":{"start":{"line":331,"column":8},"end":{"line":331,"column":84}},"type":"binary-expr","locations":[{"start":{"line":331,"column":8},"end":{"line":331,"column":22}},{"start":{"line":331,"column":26},"end":{"line":331,"column":41}},{"start":{"line":331,"column":45},"end":{"line":331,"column":62}},{"start":{"line":331,"column":66},"end":{"line":331,"column":84}}],"line":331},"43":{"loc":{"start":{"line":335,"column":4},"end":{"line":337,"column":5}},"type":"if","locations":[{"start":{"line":335,"column":4},"end":{"line":337,"column":5}},{"start":{},"end":{}}],"line":335},"44":{"loc":{"start":{"line":335,"column":8},"end":{"line":335,"column":75}},"type":"binary-expr","locations":[{"start":{"line":335,"column":8},"end":{"line":335,"column":20}},{"start":{"line":335,"column":24},"end":{"line":335,"column":37}},{"start":{"line":335,"column":41},"end":{"line":335,"column":56}},{"start":{"line":335,"column":60},"end":{"line":335,"column":75}}],"line":335},"45":{"loc":{"start":{"line":350,"column":4},"end":{"line":352,"column":5}},"type":"if","locations":[{"start":{"line":350,"column":4},"end":{"line":352,"column":5}},{"start":{},"end":{}}],"line":350},"46":{"loc":{"start":{"line":350,"column":8},"end":{"line":350,"column":78}},"type":"binary-expr","locations":[{"start":{"line":350,"column":8},"end":{"line":350,"column":22}},{"start":{"line":350,"column":26},"end":{"line":350,"column":44}},{"start":{"line":350,"column":48},"end":{"line":350,"column":65}},{"start":{"line":350,"column":69},"end":{"line":350,"column":78}}],"line":350},"47":{"loc":{"start":{"line":354,"column":4},"end":{"line":356,"column":5}},"type":"if","locations":[{"start":{"line":354,"column":4},"end":{"line":356,"column":5}},{"start":{},"end":{}}],"line":354},"48":{"loc":{"start":{"line":354,"column":8},"end":{"line":354,"column":70}},"type":"binary-expr","locations":[{"start":{"line":354,"column":8},"end":{"line":354,"column":20}},{"start":{"line":354,"column":24},"end":{"line":354,"column":40}},{"start":{"line":354,"column":44},"end":{"line":354,"column":59}},{"start":{"line":354,"column":63},"end":{"line":354,"column":70}}],"line":354},"49":{"loc":{"start":{"line":358,"column":4},"end":{"line":360,"column":5}},"type":"if","locations":[{"start":{"line":358,"column":4},"end":{"line":360,"column":5}},{"start":{},"end":{}}],"line":358},"50":{"loc":{"start":{"line":419,"column":4},"end":{"line":419,"column":71}},"type":"if","locations":[{"start":{"line":419,"column":4},"end":{"line":419,"column":71}},{"start":{},"end":{}}],"line":419},"51":{"loc":{"start":{"line":420,"column":4},"end":{"line":420,"column":71}},"type":"if","locations":[{"start":{"line":420,"column":4},"end":{"line":420,"column":71}},{"start":{},"end":{}}],"line":420},"52":{"loc":{"start":{"line":421,"column":4},"end":{"line":421,"column":72}},"type":"if","locations":[{"start":{"line":421,"column":4},"end":{"line":421,"column":72}},{"start":{},"end":{}}],"line":421},"53":{"loc":{"start":{"line":422,"column":4},"end":{"line":422,"column":83}},"type":"if","locations":[{"start":{"line":422,"column":4},"end":{"line":422,"column":83}},{"start":{},"end":{}}],"line":422},"54":{"loc":{"start":{"line":435,"column":8},"end":{"line":437,"column":9}},"type":"if","locations":[{"start":{"line":435,"column":8},"end":{"line":437,"column":9}},{"start":{},"end":{}}],"line":435},"55":{"loc":{"start":{"line":443,"column":8},"end":{"line":445,"column":9}},"type":"if","locations":[{"start":{"line":443,"column":8},"end":{"line":445,"column":9}},{"start":{},"end":{}}],"line":443},"56":{"loc":{"start":{"line":443,"column":12},"end":{"line":443,"column":51}},"type":"binary-expr","locations":[{"start":{"line":443,"column":12},"end":{"line":443,"column":31}},{"start":{"line":443,"column":35},"end":{"line":443,"column":51}}],"line":443},"57":{"loc":{"start":{"line":462,"column":4},"end":{"line":462,"column":32}},"type":"if","locations":[{"start":{"line":462,"column":4},"end":{"line":462,"column":32}},{"start":{},"end":{}}],"line":462},"58":{"loc":{"start":{"line":482,"column":4},"end":{"line":482,"column":56}},"type":"if","locations":[{"start":{"line":482,"column":4},"end":{"line":482,"column":56}},{"start":{},"end":{}}],"line":482},"59":{"loc":{"start":{"line":495,"column":8},"end":{"line":499,"column":9}},"type":"if","locations":[{"start":{"line":495,"column":8},"end":{"line":499,"column":9}},{"start":{},"end":{}}],"line":495},"60":{"loc":{"start":{"line":496,"column":37},"end":{"line":496,"column":67}},"type":"cond-expr","locations":[{"start":{"line":496,"column":59},"end":{"line":496,"column":62}},{"start":{"line":496,"column":65},"end":{"line":496,"column":67}}],"line":496},"61":{"loc":{"start":{"line":498,"column":43},"end":{"line":498,"column":86}},"type":"cond-expr","locations":[{"start":{"line":498,"column":65},"end":{"line":498,"column":74}},{"start":{"line":498,"column":77},"end":{"line":498,"column":86}}],"line":498},"62":{"loc":{"start":{"line":501,"column":8},"end":{"line":503,"column":9}},"type":"if","locations":[{"start":{"line":501,"column":8},"end":{"line":503,"column":9}},{"start":{},"end":{}}],"line":501},"63":{"loc":{"start":{"line":506,"column":8},"end":{"line":509,"column":9}},"type":"if","locations":[{"start":{"line":506,"column":8},"end":{"line":509,"column":9}},{"start":{},"end":{}}],"line":506},"64":{"loc":{"start":{"line":516,"column":4},"end":{"line":516,"column":23}},"type":"if","locations":[{"start":{"line":516,"column":4},"end":{"line":516,"column":23}},{"start":{},"end":{}}],"line":516},"65":{"loc":{"start":{"line":519,"column":4},"end":{"line":522,"column":5}},"type":"if","locations":[{"start":{"line":519,"column":4},"end":{"line":522,"column":5}},{"start":{},"end":{}}],"line":519},"66":{"loc":{"start":{"line":525,"column":4},"end":{"line":525,"column":28}},"type":"if","locations":[{"start":{"line":525,"column":4},"end":{"line":525,"column":28}},{"start":{},"end":{}}],"line":525},"67":{"loc":{"start":{"line":530,"column":8},"end":{"line":533,"column":9}},"type":"if","locations":[{"start":{"line":530,"column":8},"end":{"line":533,"column":9}},{"start":{},"end":{}}],"line":530},"68":{"loc":{"start":{"line":549,"column":4},"end":{"line":552,"column":5}},"type":"if","locations":[{"start":{"line":549,"column":4},"end":{"line":552,"column":5}},{"start":{},"end":{}}],"line":549},"69":{"loc":{"start":{"line":549,"column":8},"end":{"line":549,"column":38}},"type":"binary-expr","locations":[{"start":{"line":549,"column":8},"end":{"line":549,"column":21}},{"start":{"line":549,"column":25},"end":{"line":549,"column":38}}],"line":549},"70":{"loc":{"start":{"line":556,"column":4},"end":{"line":559,"column":5}},"type":"if","locations":[{"start":{"line":556,"column":4},"end":{"line":559,"column":5}},{"start":{},"end":{}}],"line":556},"71":{"loc":{"start":{"line":556,"column":8},"end":{"line":556,"column":46}},"type":"binary-expr","locations":[{"start":{"line":556,"column":8},"end":{"line":556,"column":26}},{"start":{"line":556,"column":30},"end":{"line":556,"column":46}}],"line":556},"72":{"loc":{"start":{"line":571,"column":8},"end":{"line":571,"column":77}},"type":"if","locations":[{"start":{"line":571,"column":8},"end":{"line":571,"column":77}},{"start":{},"end":{}}],"line":571},"73":{"loc":{"start":{"line":572,"column":8},"end":{"line":572,"column":61}},"type":"if","locations":[{"start":{"line":572,"column":8},"end":{"line":572,"column":61}},{"start":{},"end":{}}],"line":572},"74":{"loc":{"start":{"line":573,"column":8},"end":{"line":573,"column":67}},"type":"if","locations":[{"start":{"line":573,"column":8},"end":{"line":573,"column":67}},{"start":{},"end":{}}],"line":573},"75":{"loc":{"start":{"line":575,"column":8},"end":{"line":575,"column":57}},"type":"if","locations":[{"start":{"line":575,"column":8},"end":{"line":575,"column":57}},{"start":{},"end":{}}],"line":575},"76":{"loc":{"start":{"line":593,"column":4},"end":{"line":595,"column":5}},"type":"if","locations":[{"start":{"line":593,"column":4},"end":{"line":595,"column":5}},{"start":{},"end":{}}],"line":593},"77":{"loc":{"start":{"line":601,"column":8},"end":{"line":603,"column":9}},"type":"if","locations":[{"start":{"line":601,"column":8},"end":{"line":603,"column":9}},{"start":{},"end":{}}],"line":601},"78":{"loc":{"start":{"line":616,"column":4},"end":{"line":616,"column":91}},"type":"if","locations":[{"start":{"line":616,"column":4},"end":{"line":616,"column":91}},{"start":{},"end":{}}],"line":616},"79":{"loc":{"start":{"line":617,"column":4},"end":{"line":617,"column":106}},"type":"if","locations":[{"start":{"line":617,"column":4},"end":{"line":617,"column":106}},{"start":{},"end":{}}],"line":617},"80":{"loc":{"start":{"line":618,"column":4},"end":{"line":618,"column":106}},"type":"if","locations":[{"start":{"line":618,"column":4},"end":{"line":618,"column":106}},{"start":{},"end":{}}],"line":618},"81":{"loc":{"start":{"line":619,"column":4},"end":{"line":619,"column":100}},"type":"if","locations":[{"start":{"line":619,"column":4},"end":{"line":619,"column":100}},{"start":{},"end":{}}],"line":619},"82":{"loc":{"start":{"line":623,"column":4},"end":{"line":623,"column":77}},"type":"if","locations":[{"start":{"line":623,"column":4},"end":{"line":623,"column":77}},{"start":{},"end":{}}],"line":623},"83":{"loc":{"start":{"line":627,"column":4},"end":{"line":627,"column":83}},"type":"if","locations":[{"start":{"line":627,"column":4},"end":{"line":627,"column":83}},{"start":{},"end":{}}],"line":627},"84":{"loc":{"start":{"line":631,"column":4},"end":{"line":631,"column":75}},"type":"if","locations":[{"start":{"line":631,"column":4},"end":{"line":631,"column":75}},{"start":{},"end":{}}],"line":631},"85":{"loc":{"start":{"line":635,"column":4},"end":{"line":635,"column":83}},"type":"if","locations":[{"start":{"line":635,"column":4},"end":{"line":635,"column":83}},{"start":{},"end":{}}],"line":635},"86":{"loc":{"start":{"line":639,"column":4},"end":{"line":639,"column":83}},"type":"if","locations":[{"start":{"line":639,"column":4},"end":{"line":639,"column":83}},{"start":{},"end":{}}],"line":639},"87":{"loc":{"start":{"line":649,"column":4},"end":{"line":649,"column":75}},"type":"if","locations":[{"start":{"line":649,"column":4},"end":{"line":649,"column":75}},{"start":{},"end":{}}],"line":649},"88":{"loc":{"start":{"line":653,"column":4},"end":{"line":653,"column":87}},"type":"if","locations":[{"start":{"line":653,"column":4},"end":{"line":653,"column":87}},{"start":{},"end":{}}],"line":653}},"s":{"0":0,"1":0,"2":0,"3":0,"4":0,"5":0,"6":0,"7":0,"8":0,"9":0,"10":0,"11":0,"12":0,"13":0,"14":0,"15":0,"16":0,"17":0,"18":0,"19":0,"20":0,"21":0,"22":0,"23":0,"24":0,"25":0,"26":0,"27":0,"28":0,"29":0,"30":0,"31":0,"32":0,"33":0,"34":0,"35":0,"36":0,"37":0,"38":0,"39":0,"40":0,"41":0,"42":0,"43":0,"44":0,"45":0,"46":0,"47":0,"48":0,"49":0,"50":0,"51":0,"52":0,"53":0,"54":0,"55":0,"56":0,"57":0,"58":0,"59":0,"60":0,"61":0,"62":0,"63":0,"64":0,"65":0,"66":0,"67":0,"68":0,"69":0,"70":0,"71":0,"72":0,"73":0,"74":0,"75":0,"76":0,"77":0,"78":0,"79":0,"80":0,"81":0,"82":0,"83":0,"84":0,"85":0,"86":0,"87":0,"88":0,"89":0,"90":0,"91":0,"92":0,"93":0,"94":0,"95":0,"96":0,"97":0,"98":0,"99":0,"100":0,"101":0,"102":0,"103":0,"104":0,"105":0,"106":0,"107":0,"108":0,"109":0,"110":0,"111":0,"112":0,"113":0,"114":0,"115":0,"116":0,"117":0,"118":0,"119":0,"120":0,"121":0,"122":0,"123":0,"124":0,"125":0,"126":0,"127":0,"128":0,"129":0,"130":0,"131":0,"132":0,"133":0,"134":0,"135":0,"136":0,"137":0,"138":0,"139":0,"140":0,"141":0,"142":0,"143":0,"144":0,"145":0,"146":0,"147":0,"148":0,"149":0,"150":0,"151":0,"152":0,"153":0,"154":0,"155":0,"156":0,"157":0,"158":0,"159":0,"160":0,"161":0,"162":0,"163":0,"164":0,"165":0,"166":0,"167":0,"168":0,"169":0,"170":0,"171":0,"172":0,"173":0,"174":0,"175":0,"176":0,"177":0,"178":0,"179":0,"180":0,"181":0,"182":0,"183":0,"184":0,"185":0,"186":0,"187":0,"188":0,"189":0,"190":0,"191":0,"192":0,"193":0,"194":0,"195":0,"196":0,"197":0,"198":0,"199":0,"200":0,"201":0,"202":0,"203":0,"204":0,"205":0,"206":0,"207":0,"208":0,"209":0,"210":0,"211":0,"212":0,"213":0,"214":0,"215":0,"216":0,"217":0,"218":0,"219":0,"220":0,"221":0,"222":0,"223":0,"224":0,"225":0,"226":0,"227":0,"228":0,"229":0,"230":0,"231":0,"232":0,"233":0,"234":0,"235":0,"236":0,"237":0,"238":0,"239":0,"240":0,"241":0,"242":0,"243":0,"244":0,"245":0,"246":0,"247":0,"248":0,"249":0,"250":0,"251":0,"252":0,"253":0,"254":0,"255":0,"256":0,"257":0,"258":0,"259":0,"260":0,"261":0,"262":0,"263":0,"264":0,"265":0,"266":0,"267":0,"268":0,"269":0,"270":0,"271":0,"272":0,"273":0,"274":0,"275":0,"276":0,"277":0,"278":0,"279":0,"280":0,"281":0,"282":0,"283":0,"284":0,"285":0,"286":0,"287":0,"288":0,"289":0,"290":0,"291":0,"292":0,"293":0,"294":0,"295":0,"296":0,"297":0,"298":0,"299":0,"300":0,"301":0,"302":0,"303":0,"304":0,"305":0,"306":0,"307":0,"308":0,"309":0,"310":0,"311":0,"312":0,"313":0,"314":0,"315":0,"316":0,"317":0,"318":0,"319":0,"320":0,"321":0,"322":0,"323":0,"324":0,"325":0,"326":0,"327":0,"328":0,"329":0,"330":0,"331":0,"332":0,"333":0,"334":0,"335":0,"336":0,"337":0,"338":0,"339":0,"340":0,"341":0,"342":0,"343":0,"344":0},"f":{"0":0,"1":0,"2":0,"3":0,"4":0,"5":0,"6":0,"7":0,"8":0,"9":0,"10":0,"11":0,"12":0,"13":0,"14":0,"15":0,"16":0,"17":0,"18":0,"19":0,"20":0,"21":0,"22":0,"23":0,"24":0,"25":0,"26":0,"27":0,"28":0,"29":0,"30":0,"31":0,"32":0,"33":0,"34":0,"35":0,"36":0,"37":0,"38":0,"39":0,"40":0,"41":0,"42":0,"43":0,"44":0,"45":0},"b":{"0":[0,0],"1":[0,0],"2":[0,0],"3":[0,0],"4":[0,0,0,0],"5":[0,0],"6":[0,0],"7":[0,0,0],"8":[0,0],"9":[0,0,0],"10":[0,0],"11":[0,0,0,0],"12":[0,0],"13":[0,0,0,0],"14":[0,0],"15":[0,0,0],"16":[0,0],"17":[0,0,0],"18":[0,0],"19":[0,0],"20":[0,0],"21":[0,0],"22":[0,0],"23":[0,0],"24":[0,0,0],"25":[0,0],"26":[0,0],"27":[0,0],"28":[0,0],"29":[0,0],"30":[0,0],"31":[0,0],"32":[0,0],"33":[0,0],"34":[0,0],"35":[0,0,0],"36":[0,0],"37":[0,0,0],"38":[0,0],"39":[0,0,0],"40":[0,0],"41":[0,0],"42":[0,0,0,0],"43":[0,0],"44":[0,0,0,0],"45":[0,0],"46":[0,0,0,0],"47":[0,0],"48":[0,0,0,0],"49":[0,0],"50":[0,0],"51":[0,0],"52":[0,0],"53":[0,0],"54":[0,0],"55":[0,0],"56":[0,0],"57":[0,0],"58":[0,0],"59":[0,0],"60":[0,0],"61":[0,0],"62":[0,0],"63":[0,0],"64":[0,0],"65":[0,0],"66":[0,0],"67":[0,0],"68":[0,0],"69":[0,0],"70":[0,0],"71":[0,0],"72":[0,0],"73":[0,0],"74":[0,0],"75":[0,0],"76":[0,0],"77":[0,0],"78":[0,0],"79":[0,0],"80":[0,0],"81":[0,0],"82":[0,0],"83":[0,0],"84":[0,0],"85":[0,0],"86":[0,0],"87":[0,0],"88":[0,0]}}
,"C:\\Users\\ASUS\\Desktop\\Calculadora Financiera\\src\\js\\history.js": {"path":"C:\\Users\\ASUS\\Desktop\\Calculadora Financiera\\src\\js\\history.js","statementMap":{"0":{"start":{"line":1,"column":20},"end":{"line":1,"column":48}},"1":{"start":{"line":6,"column":19},"end":{"line":6,"column":52}},"2":{"start":{"line":7,"column":4},"end":{"line":7,"column":44}},"3":{"start":{"line":11,"column":4},"end":{"line":14,"column":5}},"4":{"start":{"line":12,"column":8},"end":{"line":12,"column":44}},"5":{"start":{"line":13,"column":8},"end":{"line":13,"column":15}},"6":{"start":{"line":16,"column":20},"end":{"line":16,"column":32}},"7":{"start":{"line":17,"column":4},"end":{"line":17,"column":30}},"8":{"start":{"line":18,"column":4},"end":{"line":18,"column":63}},"9":{"start":{"line":20,"column":4},"end":{"line":20,"column":18}},"10":{"start":{"line":21,"column":4},"end":{"line":21,"column":38}},"11":{"start":{"line":25,"column":20},"end":{"line":25,"column":32}},"12":{"start":{"line":26,"column":17},"end":{"line":26,"column":56}},"13":{"start":{"line":28,"column":4},"end":{"line":28,"column":22}},"14":{"start":{"line":28,"column":15},"end":{"line":28,"column":22}},"15":{"start":{"line":30,"column":4},"end":{"line":30,"column":24}},"16":{"start":{"line":33,"column":4},"end":{"line":37,"column":7}},"17":{"start":{"line":34,"column":19},"end":{"line":34,"column":47}},"18":{"start":{"line":35,"column":8},"end":{"line":35,"column":89}},"19":{"start":{"line":36,"column":8},"end":{"line":36,"column":29}},"20":{"start":{"line":41,"column":20},"end":{"line":41,"column":32}},"21":{"start":{"line":44,"column":28},"end":{"line":44,"column":80}},"22":{"start":{"line":45,"column":22},"end":{"line":45,"column":72}},"23":{"start":{"line":47,"column":4},"end":{"line":50,"column":5}},"24":{"start":{"line":48,"column":8},"end":{"line":48,"column":48}},"25":{"start":{"line":49,"column":8},"end":{"line":49,"column":15}},"26":{"start":{"line":53,"column":21},"end":{"line":53,"column":23}},"27":{"start":{"line":56,"column":4},"end":{"line":79,"column":5}},"28":{"start":{"line":57,"column":28},"end":{"line":57,"column":85}},"29":{"start":{"line":59,"column":25},"end":{"line":73,"column":10}},"30":{"start":{"line":60,"column":28},"end":{"line":60,"column":46}},"31":{"start":{"line":61,"column":31},"end":{"line":61,"column":62}},"32":{"start":{"line":62,"column":30},"end":{"line":62,"column":62}},"33":{"start":{"line":63,"column":32},"end":{"line":63,"column":63}},"34":{"start":{"line":65,"column":12},"end":{"line":72,"column":14}},"35":{"start":{"line":75,"column":8},"end":{"line":75,"column":48}},"36":{"start":{"line":76,"column":8},"end":{"line":76,"column":51}},"37":{"start":{"line":77,"column":8},"end":{"line":77,"column":68}},"38":{"start":{"line":77,"column":42},"end":{"line":77,"column":55}},"39":{"start":{"line":78,"column":8},"end":{"line":78,"column":29}},"40":{"start":{"line":82,"column":4},"end":{"line":99,"column":5}},"41":{"start":{"line":83,"column":27},"end":{"line":83,"column":79}},"42":{"start":{"line":85,"column":24},"end":{"line":93,"column":10}},"43":{"start":{"line":86,"column":12},"end":{"line":92,"column":14}},"44":{"start":{"line":95,"column":8},"end":{"line":95,"column":48}},"45":{"start":{"line":96,"column":8},"end":{"line":96,"column":50}},"46":{"start":{"line":97,"column":8},"end":{"line":97,"column":67}},"47":{"start":{"line":97,"column":41},"end":{"line":97,"column":54}},"48":{"start":{"line":98,"column":8},"end":{"line":98,"column":29}},"49":{"start":{"line":102,"column":25},"end":{"line":102,"column":74}},"50":{"start":{"line":103,"column":19},"end":{"line":103,"column":63}},"51":{"start":{"line":105,"column":4},"end":{"line":124,"column":5}},"52":{"start":{"line":106,"column":29},"end":{"line":106,"column":100}},"53":{"start":{"line":108,"column":26},"end":{"line":119,"column":10}},"54":{"start":{"line":109,"column":12},"end":{"line":118,"column":14}},"55":{"start":{"line":121,"column":8},"end":{"line":121,"column":44}},"56":{"start":{"line":122,"column":8},"end":{"line":122,"column":52}},"57":{"start":{"line":123,"column":8},"end":{"line":123,"column":69}},"58":{"start":{"line":123,"column":43},"end":{"line":123,"column":56}},"59":{"start":{"line":127,"column":17},"end":{"line":127,"column":76}},"60":{"start":{"line":128,"column":16},"end":{"line":128,"column":41}},"61":{"start":{"line":129,"column":17},"end":{"line":129,"column":44}},"62":{"start":{"line":130,"column":4},"end":{"line":130,"column":35}},"63":{"start":{"line":131,"column":4},"end":{"line":131,"column":57}},"64":{"start":{"line":132,"column":4},"end":{"line":132,"column":37}},"65":{"start":{"line":133,"column":4},"end":{"line":133,"column":36}},"66":{"start":{"line":134,"column":4},"end":{"line":134,"column":17}},"67":{"start":{"line":135,"column":4},"end":{"line":135,"column":36}},"68":{"start":{"line":136,"column":4},"end":{"line":136,"column":29}},"69":{"start":{"line":141,"column":0},"end":{"line":163,"column":3}},"70":{"start":{"line":143,"column":4},"end":{"line":143,"column":18}},"71":{"start":{"line":146,"column":27},"end":{"line":146,"column":70}},"72":{"start":{"line":147,"column":4},"end":{"line":156,"column":5}},"73":{"start":{"line":148,"column":8},"end":{"line":155,"column":11}},"74":{"start":{"line":150,"column":12},"end":{"line":154,"column":13}},"75":{"start":{"line":151,"column":16},"end":{"line":151,"column":61}},"76":{"start":{"line":153,"column":16},"end":{"line":153,"column":52}},"77":{"start":{"line":159,"column":25},"end":{"line":159,"column":66}},"78":{"start":{"line":160,"column":4},"end":{"line":162,"column":5}},"79":{"start":{"line":161,"column":8},"end":{"line":161,"column":67}}},"fnMap":{"0":{"name":"getHistory","decl":{"start":{"line":5,"column":9},"end":{"line":5,"column":19}},"loc":{"start":{"line":5,"column":22},"end":{"line":8,"column":1}},"line":5},"1":{"name":"saveCalculationToHistory","decl":{"start":{"line":10,"column":9},"end":{"line":10,"column":33}},"loc":{"start":{"line":10,"column":47},"end":{"line":22,"column":1}},"line":10},"2":{"name":"loadHistory","decl":{"start":{"line":24,"column":9},"end":{"line":24,"column":20}},"loc":{"start":{"line":24,"column":23},"end":{"line":38,"column":1}},"line":24},"3":{"name":"(anonymous_3)","decl":{"start":{"line":33,"column":41},"end":{"line":33,"column":42}},"loc":{"start":{"line":33,"column":49},"end":{"line":37,"column":5}},"line":33},"4":{"name":"exportHistoryToCSV","decl":{"start":{"line":40,"column":9},"end":{"line":40,"column":27}},"loc":{"start":{"line":40,"column":30},"end":{"line":137,"column":1}},"line":40},"5":{"name":"(anonymous_5)","decl":{"start":{"line":59,"column":37},"end":{"line":59,"column":38}},"loc":{"start":{"line":59,"column":45},"end":{"line":73,"column":9}},"line":59},"6":{"name":"(anonymous_6)","decl":{"start":{"line":77,"column":35},"end":{"line":77,"column":36}},"loc":{"start":{"line":77,"column":42},"end":{"line":77,"column":55}},"line":77},"7":{"name":"(anonymous_7)","decl":{"start":{"line":85,"column":38},"end":{"line":85,"column":39}},"loc":{"start":{"line":85,"column":46},"end":{"line":93,"column":9}},"line":85},"8":{"name":"(anonymous_8)","decl":{"start":{"line":97,"column":34},"end":{"line":97,"column":35}},"loc":{"start":{"line":97,"column":41},"end":{"line":97,"column":54}},"line":97},"9":{"name":"(anonymous_9)","decl":{"start":{"line":108,"column":37},"end":{"line":108,"column":38}},"loc":{"start":{"line":108,"column":45},"end":{"line":119,"column":9}},"line":108},"10":{"name":"(anonymous_10)","decl":{"start":{"line":123,"column":36},"end":{"line":123,"column":37}},"loc":{"start":{"line":123,"column":43},"end":{"line":123,"column":56}},"line":123},"11":{"name":"(anonymous_11)","decl":{"start":{"line":141,"column":46},"end":{"line":141,"column":47}},"loc":{"start":{"line":141,"column":52},"end":{"line":163,"column":1}},"line":141},"12":{"name":"(anonymous_12)","decl":{"start":{"line":148,"column":49},"end":{"line":148,"column":50}},"loc":{"start":{"line":148,"column":55},"end":{"line":155,"column":9}},"line":148}},"branchMap":{"0":{"loc":{"start":{"line":7,"column":11},"end":{"line":7,"column":43}},"type":"cond-expr","locations":[{"start":{"line":7,"column":20},"end":{"line":7,"column":38}},{"start":{"line":7,"column":41},"end":{"line":7,"column":43}}],"line":7},"1":{"loc":{"start":{"line":11,"column":4},"end":{"line":14,"column":5}},"type":"if","locations":[{"start":{"line":11,"column":4},"end":{"line":14,"column":5}},{"start":{},"end":{}}],"line":11},"2":{"loc":{"start":{"line":28,"column":4},"end":{"line":28,"column":22}},"type":"if","locations":[{"start":{"line":28,"column":4},"end":{"line":28,"column":22}},{"start":{},"end":{}}],"line":28},"3":{"loc":{"start":{"line":45,"column":22},"end":{"line":45,"column":72}},"type":"cond-expr","locations":[{"start":{"line":45,"column":40},"end":{"line":45,"column":67}},{"start":{"line":45,"column":70},"end":{"line":45,"column":72}}],"line":45},"4":{"loc":{"start":{"line":47,"column":4},"end":{"line":50,"column":5}},"type":"if","locations":[{"start":{"line":47,"column":4},"end":{"line":50,"column":5}},{"start":{},"end":{}}],"line":47},"5":{"loc":{"start":{"line":47,"column":8},"end":{"line":47,"column":54}},"type":"binary-expr","locations":[{"start":{"line":47,"column":8},"end":{"line":47,"column":28}},{"start":{"line":47,"column":32},"end":{"line":47,"column":54}}],"line":47},"6":{"loc":{"start":{"line":56,"column":4},"end":{"line":79,"column":5}},"type":"if","locations":[{"start":{"line":56,"column":4},"end":{"line":79,"column":5}},{"start":{},"end":{}}],"line":56},"7":{"loc":{"start":{"line":60,"column":28},"end":{"line":60,"column":46}},"type":"binary-expr","locations":[{"start":{"line":60,"column":28},"end":{"line":60,"column":40}},{"start":{"line":60,"column":44},"end":{"line":60,"column":46}}],"line":60},"8":{"loc":{"start":{"line":67,"column":20},"end":{"line":67,"column":54}},"type":"cond-expr","locations":[{"start":{"line":67,"column":33},"end":{"line":67,"column":46}},{"start":{"line":67,"column":49},"end":{"line":67,"column":54}}],"line":67},"9":{"loc":{"start":{"line":68,"column":20},"end":{"line":68,"column":52}},"type":"cond-expr","locations":[{"start":{"line":68,"column":32},"end":{"line":68,"column":44}},{"start":{"line":68,"column":47},"end":{"line":68,"column":52}}],"line":68},"10":{"loc":{"start":{"line":69,"column":20},"end":{"line":69,"column":56}},"type":"cond-expr","locations":[{"start":{"line":69,"column":34},"end":{"line":69,"column":48}},{"start":{"line":69,"column":51},"end":{"line":69,"column":56}}],"line":69},"11":{"loc":{"start":{"line":82,"column":4},"end":{"line":99,"column":5}},"type":"if","locations":[{"start":{"line":82,"column":4},"end":{"line":99,"column":5}},{"start":{},"end":{}}],"line":82},"12":{"loc":{"start":{"line":103,"column":19},"end":{"line":103,"column":63}},"type":"cond-expr","locations":[{"start":{"line":103,"column":34},"end":{"line":103,"column":58}},{"start":{"line":103,"column":61},"end":{"line":103,"column":63}}],"line":103},"13":{"loc":{"start":{"line":105,"column":4},"end":{"line":124,"column":5}},"type":"if","locations":[{"start":{"line":105,"column":4},"end":{"line":124,"column":5}},{"start":{},"end":{}}],"line":105},"14":{"loc":{"start":{"line":147,"column":4},"end":{"line":156,"column":5}},"type":"if","locations":[{"start":{"line":147,"column":4},"end":{"line":156,"column":5}},{"start":{},"end":{}}],"line":147},"15":{"loc":{"start":{"line":150,"column":12},"end":{"line":154,"column":13}},"type":"if","locations":[{"start":{"line":150,"column":12},"end":{"line":154,"column":13}},{"start":{"line":152,"column":19},"end":{"line":154,"column":13}}],"line":150},"16":{"loc":{"start":{"line":160,"column":4},"end":{"line":162,"column":5}},"type":"if","locations":[{"start":{"line":160,"column":4},"end":{"line":162,"column":5}},{"start":{},"end":{}}],"line":160}},"s":{"0":0,"1":0,"2":0,"3":0,"4":0,"5":0,"6":0,"7":0,"8":0,"9":0,"10":0,"11":0,"12":0,"13":0,"14":0,"15":0,"16":0,"17":0,"18":0,"19":0,"20":0,"21":0,"22":0,"23":0,"24":0,"25":0,"26":0,"27":0,"28":0,"29":0,"30":0,"31":0,"32":0,"33":0,"34":0,"35":0,"36":0,"37":0,"38":0,"39":0,"40":0,"41":0,"42":0,"43":0,"44":0,"45":0,"46":0,"47":0,"48":0,"49":0,"50":0,"51":0,"52":0,"53":0,"54":0,"55":0,"56":0,"57":0,"58":0,"59":0,"60":0,"61":0,"62":0,"63":0,"64":0,"65":0,"66":0,"67":0,"68":0,"69":0,"70":0,"71":0,"72":0,"73":0,"74":0,"75":0,"76":0,"77":0,"78":0,"79":0},"f":{"0":0,"1":0,"2":0,"3":0,"4":0,"5":0,"6":0,"7":0,"8":0,"9":0,"10":0,"11":0,"12":0},"b":{"0":[0,0],"1":[0,0],"2":[0,0],"3":[0,0],"4":[0,0],"5":[0,0],"6":[0,0],"7":[0,0],"8":[0,0],"9":[0,0],"10":[0,0],"11":[0,0],"12":[0,0],"13":[0,0],"14":[0,0],"15":[0,0],"16":[0,0]}}
}
