TN:
SF:src\js\calculations.js
FN:6,updateResult
FN:22,getBasicInputs
FN:33,add
FN:34,subtract
FN:35,multiply
FN:36,divide
FN:44,handleBasicCalculation
FN:65,computeSimpleInterest
FN:72,handleSimpleInterest
FN:93,computeCompoundInterest
FN:98,handleCompoundInterest
FN:120,amortizacionPrestamo
FN:170,handleLoanAmortization
FN:183,displayAmortizationSchedule
FN:189,(anonymous_14)
FN:206,getBalance
FN:211,getMovements
FN:216,trackMovimiento
FN:259,handleMovementTracking
FN:278,updateBalanceDisplay
FN:285,loadBalanceOnStartup
FN:294,getTrades
FN:299,calculateStopLoss
FN:312,calculateTakeProfit
FN:329,calculateLeveragePosition
FN:348,positionSizing
FN:369,handleTradingCalculation
FN:413,displayTradingResults
FN:430,fetchVariacion
FN:460,loadTradingViewChart
FN:477,handleAssetClick
FN:514,handleAddAsset
FN:542,(anonymous_32)
FN:548,handleAnalyzeTrade
FN:584,switchSection
FN:587,(anonymous_35)
FN:599,(anonymous_36)
FN:609,(anonymous_37)
FN:616,(anonymous_38)
FN:617,(anonymous_39)
FN:618,(anonymous_40)
FN:619,(anonymous_41)
FN:643,(anonymous_42)
FN:644,(anonymous_43)
FN:657,(anonymous_44)
FN:658,(anonymous_45)
FNF:46
FNH:0
FNDA:0,updateResult
FNDA:0,getBasicInputs
FNDA:0,add
FNDA:0,subtract
FNDA:0,multiply
FNDA:0,divide
FNDA:0,handleBasicCalculation
FNDA:0,computeSimpleInterest
FNDA:0,handleSimpleInterest
FNDA:0,computeCompoundInterest
FNDA:0,handleCompoundInterest
FNDA:0,amortizacionPrestamo
FNDA:0,handleLoanAmortization
FNDA:0,displayAmortizationSchedule
FNDA:0,(anonymous_14)
FNDA:0,getBalance
FNDA:0,getMovements
FNDA:0,trackMovimiento
FNDA:0,handleMovementTracking
FNDA:0,updateBalanceDisplay
FNDA:0,loadBalanceOnStartup
FNDA:0,getTrades
FNDA:0,calculateStopLoss
FNDA:0,calculateTakeProfit
FNDA:0,calculateLeveragePosition
FNDA:0,positionSizing
FNDA:0,handleTradingCalculation
FNDA:0,displayTradingResults
FNDA:0,fetchVariacion
FNDA:0,loadTradingViewChart
FNDA:0,handleAssetClick
FNDA:0,handleAddAsset
FNDA:0,(anonymous_32)
FNDA:0,handleAnalyzeTrade
FNDA:0,switchSection
FNDA:0,(anonymous_35)
FNDA:0,(anonymous_36)
FNDA:0,(anonymous_37)
FNDA:0,(anonymous_38)
FNDA:0,(anonymous_39)
FNDA:0,(anonymous_40)
FNDA:0,(anonymous_41)
FNDA:0,(anonymous_42)
FNDA:0,(anonymous_43)
FNDA:0,(anonymous_44)
FNDA:0,(anonymous_45)
DA:3,0
DA:7,0
DA:8,0
DA:9,0
DA:12,0
DA:23,0
DA:24,0
DA:26,0
DA:27,0
DA:28,0
DA:30,0
DA:33,0
DA:34,0
DA:35,0
DA:37,0
DA:38,0
DA:39,0
DA:41,0
DA:45,0
DA:46,0
DA:48,0
DA:51,0
DA:52,0
DA:53,0
DA:54,0
DA:55,0
DA:58,0
DA:59,0
DA:68,0
DA:69,0
DA:73,0
DA:74,0
DA:75,0
DA:77,0
DA:78,0
DA:79,0
DA:82,0
DA:83,0
DA:84,0
DA:87,0
DA:88,0
DA:95,0
DA:99,0
DA:100,0
DA:101,0
DA:102,0
DA:104,0
DA:105,0
DA:106,0
DA:109,0
DA:110,0
DA:111,0
DA:114,0
DA:115,0
DA:122,0
DA:123,0
DA:126,0
DA:127,0
DA:131,0
DA:137,0
DA:139,0
DA:141,0
DA:142,0
DA:146,0
DA:147,0
DA:149,0
DA:150,0
DA:151,0
DA:152,0
DA:155,0
DA:156,0
DA:159,0
DA:167,0
DA:171,0
DA:172,0
DA:173,0
DA:175,0
DA:176,0
DA:177,0
DA:179,0
DA:184,0
DA:185,0
DA:187,0
DA:189,0
DA:190,0
DA:191,0
DA:197,0
DA:203,0
DA:204,0
DA:207,0
DA:208,0
DA:212,0
DA:213,0
DA:218,0
DA:219,0
DA:222,0
DA:223,0
DA:226,0
DA:227,0
DA:231,0
DA:232,0
DA:235,0
DA:236,0
DA:238,0
DA:242,0
DA:250,0
DA:253,0
DA:254,0
DA:256,0
DA:260,0
DA:261,0
DA:262,0
DA:264,0
DA:265,0
DA:266,0
DA:269,0
DA:270,0
DA:272,0
DA:274,0
DA:279,0
DA:280,0
DA:281,0
DA:286,0
DA:287,0
DA:292,0
DA:295,0
DA:296,0
DA:301,0
DA:302,0
DA:305,0
DA:306,0
DA:309,0
DA:314,0
DA:315,0
DA:318,0
DA:319,0
DA:322,0
DA:323,0
DA:326,0
DA:331,0
DA:332,0
DA:335,0
DA:336,0
DA:339,0
DA:340,0
DA:342,0
DA:350,0
DA:351,0
DA:354,0
DA:355,0
DA:358,0
DA:359,0
DA:362,0
DA:363,0
DA:364,0
DA:366,0
DA:370,0
DA:371,0
DA:372,0
DA:373,0
DA:374,0
DA:376,0
DA:378,0
DA:379,0
DA:380,0
DA:381,0
DA:384,0
DA:393,0
DA:404,0
DA:405,0
DA:406,0
DA:409,0
DA:414,0
DA:415,0
DA:416,0
DA:417,0
DA:419,0
DA:420,0
DA:421,0
DA:422,0
DA:427,0
DA:428,0
DA:431,0
DA:432,0
DA:433,0
DA:435,0
DA:436,0
DA:439,0
DA:440,0
DA:441,0
DA:443,0
DA:444,0
DA:447,0
DA:449,0
DA:455,0
DA:456,0
DA:461,0
DA:462,0
DA:465,0
DA:466,0
DA:467,0
DA:468,0
DA:469,0
DA:470,0
DA:471,0
DA:473,0
DA:474,0
DA:478,0
DA:481,0
DA:482,0
DA:485,0
DA:488,0
DA:489,0
DA:490,0
DA:492,0
DA:493,0
DA:495,0
DA:496,0
DA:497,0
DA:498,0
DA:501,0
DA:502,0
DA:505,0
DA:506,0
DA:507,0
DA:508,0
DA:510,0
DA:515,0
DA:516,0
DA:518,0
DA:519,0
DA:520,0
DA:521,0
DA:524,0
DA:525,0
DA:528,0
DA:529,0
DA:530,0
DA:531,0
DA:532,0
DA:537,0
DA:538,0
DA:539,0
DA:540,0
DA:541,0
DA:542,0
DA:544,0
DA:545,0
DA:549,0
DA:550,0
DA:551,0
DA:554,0
DA:556,0
DA:557,0
DA:558,0
DA:561,0
DA:562,0
DA:563,0
DA:566,0
DA:567,0
DA:568,0
DA:569,0
DA:571,0
DA:572,0
DA:573,0
DA:575,0
DA:578,0
DA:586,0
DA:587,0
DA:588,0
DA:592,0
DA:593,0
DA:594,0
DA:598,0
DA:599,0
DA:600,0
DA:601,0
DA:602,0
DA:609,0
DA:611,0
DA:612,0
DA:613,0
DA:614,0
DA:616,0
DA:617,0
DA:618,0
DA:619,0
DA:622,0
DA:623,0
DA:626,0
DA:627,0
DA:630,0
DA:631,0
DA:634,0
DA:635,0
DA:638,0
DA:639,0
DA:642,0
DA:643,0
DA:644,0
DA:648,0
DA:649,0
DA:652,0
DA:653,0
DA:656,0
DA:657,0
DA:658,0
DA:662,0
LF:308
LH:0
BRDA:26,0,0,0
BRDA:26,0,1,0
BRDA:26,1,0,0
BRDA:26,1,1,0
BRDA:37,2,0,0
BRDA:37,2,1,0
BRDA:46,3,0,0
BRDA:46,3,1,0
BRDA:51,4,0,0
BRDA:51,4,1,0
BRDA:51,4,2,0
BRDA:51,4,3,0
BRDA:58,5,0,0
BRDA:58,5,1,0
BRDA:77,6,0,0
BRDA:77,6,1,0
BRDA:77,7,0,0
BRDA:77,7,1,0
BRDA:77,7,2,0
BRDA:82,8,0,0
BRDA:82,8,1,0
BRDA:82,9,0,0
BRDA:82,9,1,0
BRDA:82,9,2,0
BRDA:104,10,0,0
BRDA:104,10,1,0
BRDA:104,11,0,0
BRDA:104,11,1,0
BRDA:104,11,2,0
BRDA:104,11,3,0
BRDA:109,12,0,0
BRDA:109,12,1,0
BRDA:109,13,0,0
BRDA:109,13,1,0
BRDA:109,13,2,0
BRDA:109,13,3,0
BRDA:122,14,0,0
BRDA:122,14,1,0
BRDA:122,15,0,0
BRDA:122,15,1,0
BRDA:122,15,2,0
BRDA:126,16,0,0
BRDA:126,16,1,0
BRDA:126,17,0,0
BRDA:126,17,1,0
BRDA:126,17,2,0
BRDA:137,18,0,0
BRDA:137,18,1,0
BRDA:155,19,0,0
BRDA:155,19,1,0
BRDA:185,20,0,0
BRDA:185,20,1,0
BRDA:208,21,0,0
BRDA:208,21,1,0
BRDA:213,22,0,0
BRDA:213,22,1,0
BRDA:218,23,0,0
BRDA:218,23,1,0
BRDA:218,24,0,0
BRDA:218,24,1,0
BRDA:218,24,2,0
BRDA:222,25,0,0
BRDA:222,25,1,0
BRDA:222,26,0,0
BRDA:222,26,1,0
BRDA:226,27,0,0
BRDA:226,27,1,0
BRDA:226,28,0,0
BRDA:226,28,1,0
BRDA:235,29,0,0
BRDA:235,29,1,0
BRDA:280,30,0,0
BRDA:280,30,1,0
BRDA:296,31,0,0
BRDA:296,31,1,0
BRDA:301,32,0,0
BRDA:301,32,1,0
BRDA:301,33,0,0
BRDA:301,33,1,0
BRDA:305,34,0,0
BRDA:305,34,1,0
BRDA:305,35,0,0
BRDA:305,35,1,0
BRDA:305,35,2,0
BRDA:314,36,0,0
BRDA:314,36,1,0
BRDA:314,37,0,0
BRDA:314,37,1,0
BRDA:314,37,2,0
BRDA:318,38,0,0
BRDA:318,38,1,0
BRDA:318,39,0,0
BRDA:318,39,1,0
BRDA:318,39,2,0
BRDA:322,40,0,0
BRDA:322,40,1,0
BRDA:331,41,0,0
BRDA:331,41,1,0
BRDA:331,42,0,0
BRDA:331,42,1,0
BRDA:331,42,2,0
BRDA:331,42,3,0
BRDA:335,43,0,0
BRDA:335,43,1,0
BRDA:335,44,0,0
BRDA:335,44,1,0
BRDA:335,44,2,0
BRDA:335,44,3,0
BRDA:350,45,0,0
BRDA:350,45,1,0
BRDA:350,46,0,0
BRDA:350,46,1,0
BRDA:350,46,2,0
BRDA:350,46,3,0
BRDA:354,47,0,0
BRDA:354,47,1,0
BRDA:354,48,0,0
BRDA:354,48,1,0
BRDA:354,48,2,0
BRDA:354,48,3,0
BRDA:358,49,0,0
BRDA:358,49,1,0
BRDA:419,50,0,0
BRDA:419,50,1,0
BRDA:420,51,0,0
BRDA:420,51,1,0
BRDA:421,52,0,0
BRDA:421,52,1,0
BRDA:422,53,0,0
BRDA:422,53,1,0
BRDA:435,54,0,0
BRDA:435,54,1,0
BRDA:443,55,0,0
BRDA:443,55,1,0
BRDA:443,56,0,0
BRDA:443,56,1,0
BRDA:462,57,0,0
BRDA:462,57,1,0
BRDA:482,58,0,0
BRDA:482,58,1,0
BRDA:495,59,0,0
BRDA:495,59,1,0
BRDA:496,60,0,0
BRDA:496,60,1,0
BRDA:498,61,0,0
BRDA:498,61,1,0
BRDA:501,62,0,0
BRDA:501,62,1,0
BRDA:506,63,0,0
BRDA:506,63,1,0
BRDA:516,64,0,0
BRDA:516,64,1,0
BRDA:519,65,0,0
BRDA:519,65,1,0
BRDA:525,66,0,0
BRDA:525,66,1,0
BRDA:530,67,0,0
BRDA:530,67,1,0
BRDA:549,68,0,0
BRDA:549,68,1,0
BRDA:549,69,0,0
BRDA:549,69,1,0
BRDA:556,70,0,0
BRDA:556,70,1,0
BRDA:556,71,0,0
BRDA:556,71,1,0
BRDA:571,72,0,0
BRDA:571,72,1,0
BRDA:572,73,0,0
BRDA:572,73,1,0
BRDA:573,74,0,0
BRDA:573,74,1,0
BRDA:575,75,0,0
BRDA:575,75,1,0
BRDA:593,76,0,0
BRDA:593,76,1,0
BRDA:601,77,0,0
BRDA:601,77,1,0
BRDA:616,78,0,0
BRDA:616,78,1,0
BRDA:617,79,0,0
BRDA:617,79,1,0
BRDA:618,80,0,0
BRDA:618,80,1,0
BRDA:619,81,0,0
BRDA:619,81,1,0
BRDA:623,82,0,0
BRDA:623,82,1,0
BRDA:627,83,0,0
BRDA:627,83,1,0
BRDA:631,84,0,0
BRDA:631,84,1,0
BRDA:635,85,0,0
BRDA:635,85,1,0
BRDA:639,86,0,0
BRDA:639,86,1,0
BRDA:649,87,0,0
BRDA:649,87,1,0
BRDA:653,88,0,0
BRDA:653,88,1,0
BRF:200
BRH:0
end_of_record
TN:
SF:src\js\history.js
FN:5,getHistory
FN:10,saveCalculationToHistory
FN:24,loadHistory
FN:33,(anonymous_3)
FN:40,exportHistoryToCSV
FN:59,(anonymous_5)
FN:77,(anonymous_6)
FN:85,(anonymous_7)
FN:97,(anonymous_8)
FN:108,(anonymous_9)
FN:123,(anonymous_10)
FN:141,(anonymous_11)
FN:148,(anonymous_12)
FNF:13
FNH:0
FNDA:0,getHistory
FNDA:0,saveCalculationToHistory
FNDA:0,loadHistory
FNDA:0,(anonymous_3)
FNDA:0,exportHistoryToCSV
FNDA:0,(anonymous_5)
FNDA:0,(anonymous_6)
FNDA:0,(anonymous_7)
FNDA:0,(anonymous_8)
FNDA:0,(anonymous_9)
FNDA:0,(anonymous_10)
FNDA:0,(anonymous_11)
FNDA:0,(anonymous_12)
DA:1,0
DA:6,0
DA:7,0
DA:11,0
DA:12,0
DA:13,0
DA:16,0
DA:17,0
DA:18,0
DA:20,0
DA:21,0
DA:25,0
DA:26,0
DA:28,0
DA:30,0
DA:33,0
DA:34,0
DA:35,0
DA:36,0
DA:41,0
DA:44,0
DA:45,0
DA:47,0
DA:48,0
DA:49,0
DA:53,0
DA:56,0
DA:57,0
DA:59,0
DA:60,0
DA:61,0
DA:62,0
DA:63,0
DA:65,0
DA:75,0
DA:76,0
DA:77,0
DA:78,0
DA:82,0
DA:83,0
DA:85,0
DA:86,0
DA:95,0
DA:96,0
DA:97,0
DA:98,0
DA:102,0
DA:103,0
DA:105,0
DA:106,0
DA:108,0
DA:109,0
DA:121,0
DA:122,0
DA:123,0
DA:127,0
DA:128,0
DA:129,0
DA:130,0
DA:131,0
DA:132,0
DA:133,0
DA:134,0
DA:135,0
DA:136,0
DA:141,0
DA:143,0
DA:146,0
DA:147,0
DA:148,0
DA:150,0
DA:151,0
DA:153,0
DA:159,0
DA:160,0
DA:161,0
LF:76
LH:0
BRDA:7,0,0,0
BRDA:7,0,1,0
BRDA:11,1,0,0
BRDA:11,1,1,0
BRDA:28,2,0,0
BRDA:28,2,1,0
BRDA:45,3,0,0
BRDA:45,3,1,0
BRDA:47,4,0,0
BRDA:47,4,1,0
BRDA:47,5,0,0
BRDA:47,5,1,0
BRDA:56,6,0,0
BRDA:56,6,1,0
BRDA:60,7,0,0
BRDA:60,7,1,0
BRDA:67,8,0,0
BRDA:67,8,1,0
BRDA:68,9,0,0
BRDA:68,9,1,0
BRDA:69,10,0,0
BRDA:69,10,1,0
BRDA:82,11,0,0
BRDA:82,11,1,0
BRDA:103,12,0,0
BRDA:103,12,1,0
BRDA:105,13,0,0
BRDA:105,13,1,0
BRDA:147,14,0,0
BRDA:147,14,1,0
BRDA:150,15,0,0
BRDA:150,15,1,0
BRDA:160,16,0,0
BRDA:160,16,1,0
BRF:34
BRH:0
end_of_record
